  Application.cpp
C:\Users\kamadol\Desktop\Nowy folder\Programowanie\C++\projekty w visualu\Fox-Engine\Application\Source\MeshesScene.hpp(33,1): warning C4305: "argument": obcięcie z "double" do "float"
C:\Users\kamadol\Desktop\Nowy folder\Programowanie\C++\projekty w visualu\Fox-Engine\Application\Source\NormalMappingScene.hpp(22,1): warning C4305: "argument": obcięcie z "double" do "float"
C:\Users\kamadol\Desktop\Nowy folder\Programowanie\C++\projekty w visualu\Fox-Engine\Application\Source\MinecraftScene.hpp(26,30): warning C4244: "inicjowanie": konwersja z "size_t" do "float", możliwa utrata danych
C:\Users\kamadol\Desktop\Nowy folder\Programowanie\C++\projekty w visualu\Fox-Engine\Application\Source\MinecraftScene.hpp(56,1): warning C4267: "argument": konwersja z "size_t" do "unsigned int", możliwa utrata danych
  Scene.cpp
  SceneManager.cpp
  Generowanie kodu...
LINK : warning LNK4098: domyślna biblioteka „MSVCRT” powoduje konflikt z innymi bibliotekami; użyj opcji /NODEFAULTLIB:biblioteka
LINK : warning LNK4098: domyślna biblioteka „LIBCMT” powoduje konflikt z innymi bibliotekami; użyj opcji /NODEFAULTLIB:biblioteka
LINK : warning LNK4286: symbol „__glewActiveTexture” zdefiniowany w elemencie „Graphics.lib(glew.obj)” jest importowany przez element „Application.obj”
Application.obj : error LNK2019: nierozpoznany symbol zewnętrzny "public: __cdecl Texture::~Texture(void)" (??1Texture@@QEAA@XZ) przywołany w funkcji "int `public: __cdecl MinecraftScene::MinecraftScene(class Window *,class std::basic_string<char,struct std::char_traits<char>,class std::allocator<char> > const &)'::`1'::dtor$4" (?dtor$4@?0???0MinecraftScene@@QEAA@PEAVWindow@@AEBV?$basic_string@DU?$char_traits@D@std@@V?$allocator@D@2@@std@@@Z@4HA)
Application.obj : error LNK2019: nierozpoznany symbol zewnętrzny "public: bool __cdecl Texture::create(char const *)" (?create@Texture@@QEAA_NPEBD@Z) przywołany w funkcji "public: virtual void __cdecl MinecraftScene::onStart(void)" (?onStart@MinecraftScene@@UEAAXXZ)
Application.obj : error LNK2019: nierozpoznany symbol zewnętrzny "public: void __cdecl Shader::setUniform1i(char const *,int)const " (?setUniform1i@Shader@@QEBAXPEBDH@Z) przywołany w funkcji "public: virtual void __cdecl MeshesScene::onRender(void)" (?onRender@MeshesScene@@UEAAXXZ)
Application.obj : error LNK2019: nierozpoznany symbol zewnętrzny "public: void __cdecl Shader::setUniform1f(char const *,float)const " (?setUniform1f@Shader@@QEBAXPEBDM@Z) przywołany w funkcji "public: virtual void __cdecl RayMarchingScene::onUpdate(void)" (?onUpdate@RayMarchingScene@@UEAAXXZ)
Application.obj : error LNK2019: nierozpoznany symbol zewnętrzny "public: void __cdecl Shader::setUniform2f(char const *,class Vector2)const " (?setUniform2f@Shader@@QEBAXPEBDVVector2@@@Z) przywołany w funkcji "public: virtual void __cdecl RayMarchingScene::onStart(void)" (?onStart@RayMarchingScene@@UEAAXXZ)
Application.obj : error LNK2019: nierozpoznany symbol zewnętrzny "public: void __cdecl Shader::setUniform3f(char const *,class Vector3)const " (?setUniform3f@Shader@@QEBAXPEBDVVector3@@@Z) przywołany w funkcji "public: virtual void __cdecl MeshesScene::onRender(void)" (?onRender@MeshesScene@@UEAAXXZ)
Application.obj : error LNK2019: nierozpoznany symbol zewnętrzny "public: void __cdecl Shader::setUniform4f(char const *,class Vector4)const " (?setUniform4f@Shader@@QEBAXPEBDVVector4@@@Z) przywołany w funkcji "public: virtual void __cdecl NormalMappingScene::onRender(void)" (?onRender@NormalMappingScene@@UEAAXXZ)
Application.obj : error LNK2019: nierozpoznany symbol zewnętrzny "public: void __cdecl Shader::setUniformMat4(char const *,class Mat4x4 const &)const " (?setUniformMat4@Shader@@QEBAXPEBDAEBVMat4x4@@@Z) przywołany w funkcji "public: virtual void __cdecl RayMarchingScene::onUpdate(void)" (?onUpdate@RayMarchingScene@@UEAAXXZ)
Application.obj : error LNK2019: nierozpoznany symbol zewnętrzny "public: void __cdecl Shader::setUniformMaterial(char const *,struct Material const &)const " (?setUniformMaterial@Shader@@QEBAXPEBDAEBUMaterial@@@Z) przywołany w funkcji "public: virtual void __cdecl NormalMappingScene::onRender(void)" (?onRender@NormalMappingScene@@UEAAXXZ)
Application.obj : error LNK2019: nierozpoznany symbol zewnętrzny "public: __cdecl CylinderMesh::CylinderMesh(unsigned int,float,float)" (??0CylinderMesh@@QEAA@IMM@Z) przywołany w funkcji "public: __cdecl MeshesScene::MeshesScene(class Window *,class std::basic_string<char,struct std::char_traits<char>,class std::allocator<char> > const &)" (??0MeshesScene@@QEAA@PEAVWindow@@AEBV?$basic_string@DU?$char_traits@D@std@@V?$allocator@D@2@@std@@@Z)
Application.obj : error LNK2019: nierozpoznany symbol zewnętrzny "public: void __cdecl SpriteRenderer::end(void)" (?end@SpriteRenderer@@QEAAXXZ) przywołany w funkcji "public: __cdecl RayMarchingScene::RayMarchingScene(class Window *,class std::basic_string<char,struct std::char_traits<char>,class std::allocator<char> > const &)" (??0RayMarchingScene@@QEAA@PEAVWindow@@AEBV?$basic_string@DU?$char_traits@D@std@@V?$allocator@D@2@@std@@@Z)
Application.obj : error LNK2019: nierozpoznany symbol zewnętrzny "public: __cdecl Font::Font(char const *)" (??0Font@@QEAA@PEBD@Z) przywołany w funkcji "public: __cdecl MinecraftScene::MinecraftScene(class Window *,class std::basic_string<char,struct std::char_traits<char>,class std::allocator<char> > const &)" (??0MinecraftScene@@QEAA@PEAVWindow@@AEBV?$basic_string@DU?$char_traits@D@std@@V?$allocator@D@2@@std@@@Z)
Application.obj : error LNK2019: nierozpoznany symbol zewnętrzny "public: __cdecl Font::~Font(void)" (??1Font@@QEAA@XZ) przywołany w funkcji "int `public: __cdecl MinecraftScene::MinecraftScene(class Window *,class std::basic_string<char,struct std::char_traits<char>,class std::allocator<char> > const &)'::`1'::dtor$11" (?dtor$11@?0???0MinecraftScene@@QEAA@PEAVWindow@@AEBV?$basic_string@DU?$char_traits@D@std@@V?$allocator@D@2@@std@@@Z@4HA)
Application.obj : error LNK2019: nierozpoznany symbol zewnętrzny "public: __cdecl RenderText::RenderText(void)" (??0RenderText@@QEAA@XZ) przywołany w funkcji "public: __cdecl MinecraftScene::MinecraftScene(class Window *,class std::basic_string<char,struct std::char_traits<char>,class std::allocator<char> > const &)" (??0MinecraftScene@@QEAA@PEAVWindow@@AEBV?$basic_string@DU?$char_traits@D@std@@V?$allocator@D@2@@std@@@Z)
Application.obj : error LNK2019: nierozpoznany symbol zewnętrzny "public: void __cdecl RenderText::setFont(class Font *)" (?setFont@RenderText@@QEAAXPEAVFont@@@Z) przywołany w funkcji "public: __cdecl MinecraftScene::MinecraftScene(class Window *,class std::basic_string<char,struct std::char_traits<char>,class std::allocator<char> > const &)" (??0MinecraftScene@@QEAA@PEAVWindow@@AEBV?$basic_string@DU?$char_traits@D@std@@V?$allocator@D@2@@std@@@Z)
Application.obj : error LNK2019: nierozpoznany symbol zewnętrzny "public: void __cdecl RenderText::setFontSize(unsigned __int64)" (?setFontSize@RenderText@@QEAAX_K@Z) przywołany w funkcji "public: __cdecl MinecraftScene::MinecraftScene(class Window *,class std::basic_string<char,struct std::char_traits<char>,class std::allocator<char> > const &)" (??0MinecraftScene@@QEAA@PEAVWindow@@AEBV?$basic_string@DU?$char_traits@D@std@@V?$allocator@D@2@@std@@@Z)
Application.obj : error LNK2019: nierozpoznany symbol zewnętrzny "public: void __cdecl RenderText::setColor(class Vector4)" (?setColor@RenderText@@QEAAXVVector4@@@Z) przywołany w funkcji "public: __cdecl MinecraftScene::MinecraftScene(class Window *,class std::basic_string<char,struct std::char_traits<char>,class std::allocator<char> > const &)" (??0MinecraftScene@@QEAA@PEAVWindow@@AEBV?$basic_string@DU?$char_traits@D@std@@V?$allocator@D@2@@std@@@Z)
Application.obj : error LNK2019: nierozpoznany symbol zewnętrzny "public: __cdecl TextRenderer::TextRenderer(void)" (??0TextRenderer@@QEAA@XZ) przywołany w funkcji "public: __cdecl MinecraftScene::MinecraftScene(class Window *,class std::basic_string<char,struct std::char_traits<char>,class std::allocator<char> > const &)" (??0MinecraftScene@@QEAA@PEAVWindow@@AEBV?$basic_string@DU?$char_traits@D@std@@V?$allocator@D@2@@std@@@Z)
Application.obj : error LNK2019: nierozpoznany symbol zewnętrzny "public: __cdecl TextRenderer::~TextRenderer(void)" (??1TextRenderer@@QEAA@XZ) przywołany w funkcji "int `public: __cdecl MinecraftScene::MinecraftScene(class Window *,class std::basic_string<char,struct std::char_traits<char>,class std::allocator<char> > const &)'::`1'::dtor$9" (?dtor$9@?0???0MinecraftScene@@QEAA@PEAVWindow@@AEBV?$basic_string@DU?$char_traits@D@std@@V?$allocator@D@2@@std@@@Z@4HA)
Application.obj : error LNK2019: nierozpoznany symbol zewnętrzny "public: void __cdecl MeshRenderer::flush(class Shader const &,class Mat4x4 const &)" (?flush@MeshRenderer@@QEAAXAEBVShader@@AEBVMat4x4@@@Z) przywołany w funkcji "public: virtual void __cdecl MinecraftScene::onRender(void)" (?onRender@MinecraftScene@@UEAAXXZ)
Application.obj : error LNK2019: nierozpoznany symbol zewnętrzny "public: __cdecl GUILayer::GUILayer(void)" (??0GUILayer@@QEAA@XZ) przywołany w funkcji main
Application.obj : error LNK2019: nierozpoznany symbol zewnętrzny "public: void __cdecl GUILayer::setDeltaTime(float)" (?setDeltaTime@GUILayer@@QEAAXM@Z) przywołany w funkcji main
Application.obj : error LNK2019: nierozpoznany symbol zewnętrzny "public: void __cdecl GUILayer::update(void)" (?update@GUILayer@@QEAAXXZ) przywołany w funkcji main
Application.obj : error LNK2019: nierozpoznany symbol zewnętrzny "public: void __cdecl GUILayer::draw(void)" (?draw@GUILayer@@QEAAXXZ) przywołany w funkcji main
C:\Users\kamadol\Desktop\Nowy folder\Programowanie\C++\projekty w visualu\Fox-Engine\x64\Debug\Application.exe : fatal error LNK1120: liczba nierozpoznanych elementów zewnętrznych: 24
