c:\users\kamadol\desktop\nowy folder\programowanie\c++\projekty w visualu\fox-engine\graphics\x64\release\graphics.pdb
c:\users\kamadol\desktop\nowy folder\programowanie\c++\projekty w visualu\fox-engine\graphics\x64\release\mask.obj
c:\users\kamadol\desktop\nowy folder\programowanie\c++\projekty w visualu\fox-engine\graphics\x64\release\gradientmask.obj
c:\users\kamadol\desktop\nowy folder\programowanie\c++\projekty w visualu\fox-engine\graphics\x64\release\cosinemask.obj
c:\users\kamadol\desktop\nowy folder\programowanie\c++\projekty w visualu\fox-engine\graphics\x64\release\coherentnoisemask.obj
c:\users\kamadol\desktop\nowy folder\programowanie\c++\projekty w visualu\fox-engine\graphics\x64\release\perspectivecamera.obj
c:\users\kamadol\desktop\nowy folder\programowanie\c++\projekty w visualu\fox-engine\graphics\x64\release\orthographiccamera.obj
c:\users\kamadol\desktop\nowy folder\programowanie\c++\projekty w visualu\fox-engine\graphics\x64\release\movableperspcamera.obj
c:\users\kamadol\desktop\nowy folder\programowanie\c++\projekty w visualu\fox-engine\graphics\x64\release\torusmesh.obj
c:\users\kamadol\desktop\nowy folder\programowanie\c++\projekty w visualu\fox-engine\graphics\x64\release\planemesh.obj
c:\users\kamadol\desktop\nowy folder\programowanie\c++\projekty w visualu\fox-engine\graphics\x64\release\model.obj
c:\users\kamadol\desktop\nowy folder\programowanie\c++\projekty w visualu\fox-engine\graphics\x64\release\mesh.obj
c:\users\kamadol\desktop\nowy folder\programowanie\c++\projekty w visualu\fox-engine\graphics\x64\release\material.obj
c:\users\kamadol\desktop\nowy folder\programowanie\c++\projekty w visualu\fox-engine\graphics\x64\release\cylindermesh.obj
c:\users\kamadol\desktop\nowy folder\programowanie\c++\projekty w visualu\fox-engine\graphics\x64\release\input.obj
c:\users\kamadol\desktop\nowy folder\programowanie\c++\projekty w visualu\fox-engine\graphics\x64\release\cubemesh.obj
c:\users\kamadol\desktop\nowy folder\programowanie\c++\projekty w visualu\fox-engine\graphics\x64\release\guiwindow.obj
c:\users\kamadol\desktop\nowy folder\programowanie\c++\projekty w visualu\fox-engine\graphics\x64\release\guitransform.obj
c:\users\kamadol\desktop\nowy folder\programowanie\c++\projekty w visualu\fox-engine\graphics\x64\release\guimanager.obj
c:\users\kamadol\desktop\nowy folder\programowanie\c++\projekty w visualu\fox-engine\graphics\x64\release\framebuffer.obj
c:\users\kamadol\desktop\nowy folder\programowanie\c++\projekty w visualu\fox-engine\graphics\x64\release\bitmapfont.obj
c:\users\kamadol\desktop\nowy folder\programowanie\c++\projekty w visualu\fox-engine\graphics\x64\release\spheremesh.obj
c:\users\kamadol\desktop\nowy folder\programowanie\c++\projekty w visualu\fox-engine\graphics\x64\release\simplespriterenderer.obj
c:\users\kamadol\desktop\nowy folder\programowanie\c++\projekty w visualu\fox-engine\graphics\x64\release\shader.obj
c:\users\kamadol\desktop\nowy folder\programowanie\c++\projekty w visualu\fox-engine\graphics\x64\release\simpletextrenderer.obj
c:\users\kamadol\desktop\nowy folder\programowanie\c++\projekty w visualu\fox-engine\graphics\x64\release\simplemeshrenderer.obj
c:\users\kamadol\desktop\nowy folder\programowanie\c++\projekty w visualu\fox-engine\graphics\x64\release\meshrenderer.obj
c:\users\kamadol\desktop\nowy folder\programowanie\c++\projekty w visualu\fox-engine\graphics\x64\release\utility.obj
c:\users\kamadol\desktop\nowy folder\programowanie\c++\projekty w visualu\fox-engine\graphics\x64\release\image.obj
c:\users\kamadol\desktop\nowy folder\programowanie\c++\projekty w visualu\fox-engine\graphics\x64\release\heightmap.obj
c:\users\kamadol\desktop\nowy folder\programowanie\c++\projekty w visualu\fox-engine\graphics\x64\release\color.obj
c:\users\kamadol\desktop\nowy folder\programowanie\c++\projekty w visualu\fox-engine\graphics\x64\release\circulararray2d.obj
c:\users\kamadol\desktop\nowy folder\programowanie\c++\projekty w visualu\fox-engine\graphics\x64\release\randomintgen.obj
c:\users\kamadol\desktop\nowy folder\programowanie\c++\projekty w visualu\fox-engine\graphics\x64\release\randomfloatgen.obj
c:\users\kamadol\desktop\nowy folder\programowanie\c++\projekty w visualu\fox-engine\graphics\x64\release\modrandomfloatgen2d.obj
c:\users\kamadol\desktop\nowy folder\programowanie\c++\projekty w visualu\fox-engine\graphics\x64\release\basicrandomfloatgen2d.obj
c:\users\kamadol\desktop\nowy folder\programowanie\c++\projekty w visualu\fox-engine\graphics\x64\release\simplenoise.obj
c:\users\kamadol\desktop\nowy folder\programowanie\c++\projekty w visualu\fox-engine\graphics\x64\release\perlinnoise.obj
c:\users\kamadol\desktop\nowy folder\programowanie\c++\projekty w visualu\fox-engine\graphics\x64\release\coherentnoise.obj
c:\users\kamadol\desktop\nowy folder\programowanie\c++\projekty w visualu\fox-engine\graphics\x64\release\radialmask.obj
c:\users\kamadol\desktop\nowy folder\programowanie\c++\projekty w visualu\fox-engine\graphics\x64\release\noisemask.obj
c:\users\kamadol\desktop\nowy folder\programowanie\c++\projekty w visualu\fox-engine\graphics\x64\release\window.obj
c:\users\kamadol\desktop\nowy folder\programowanie\c++\projekty w visualu\fox-engine\graphics\x64\release\transformablecp.obj
c:\users\kamadol\desktop\nowy folder\programowanie\c++\projekty w visualu\fox-engine\graphics\x64\release\transformable.obj
c:\users\kamadol\desktop\nowy folder\programowanie\c++\projekty w visualu\fox-engine\graphics\x64\release\texture.obj
c:\users\kamadol\desktop\nowy folder\programowanie\c++\projekty w visualu\fox-engine\graphics\x64\release\text.obj
c:\users\kamadol\desktop\nowy folder\programowanie\c++\projekty w visualu\fox-engine\graphics\x64\release\sprite.obj
c:\users\kamadol\desktop\nowy folder\programowanie\c++\projekty w visualu\fox-engine\graphics\x64\release\guielement.obj
c:\users\kamadol\desktop\nowy folder\programowanie\c++\projekty w visualu\fox-engine\graphics\x64\release\spriterenderer.obj
c:\users\kamadol\desktop\nowy folder\programowanie\c++\projekty w visualu\fox-engine\graphics\x64\release\font.obj
c:\users\kamadol\desktop\nowy folder\programowanie\c++\projekty w visualu\fox-engine\graphics\x64\release\textrenderer.obj
c:\users\kamadol\desktop\nowy folder\programowanie\c++\projekty w visualu\fox-engine\graphics\x64\release\guilayer.obj
c:\users\kamadol\desktop\nowy folder\programowanie\c++\projekty w visualu\fox-engine\graphics\x64\release\rendertext.obj
c:\users\kamadol\desktop\nowy folder\programowanie\c++\projekty w visualu\fox-engine\graphics\x64\release\linerenderer.obj
c:\users\kamadol\desktop\nowy folder\programowanie\c++\projekty w visualu\fox-engine\graphics\x64\release\line.obj
c:\users\kamadol\desktop\nowy folder\programowanie\c++\projekty w visualu\fox-engine\graphics\x64\release\spritevertex.obj
c:\users\kamadol\desktop\nowy folder\programowanie\c++\projekty w visualu\fox-engine\graphics\x64\release\indexbuffer.obj
c:\users\kamadol\desktop\nowy folder\programowanie\c++\projekty w visualu\fox-engine\graphics\x64\release\buffer.obj
c:\users\kamadol\desktop\nowy folder\programowanie\c++\projekty w visualu\fox-engine\graphics\x64\release\guirenderer.obj
c:\users\kamadol\desktop\nowy folder\programowanie\c++\projekty w visualu\fox-engine\graphics\x64\release\guirectangle.obj
c:\users\kamadol\desktop\nowy folder\programowanie\c++\projekty w visualu\fox-engine\x64\release\graphics.lib
c:\users\kamadol\desktop\nowy folder\programowanie\c++\projekty w visualu\fox-engine\graphics\x64\release\scene.obj
c:\users\kamadol\desktop\nowy folder\programowanie\c++\projekty w visualu\fox-engine\graphics\x64\release\scenemanager.obj
c:\users\kamadol\desktop\nowy folder\programowanie\c++\projekty w visualu\fox-engine\graphics\x64\release\vc142.pdb
c:\users\kamadol\desktop\nowy folder\programowanie\c++\projekty w visualu\fox-engine\graphics\x64\release\graphics.tlog\cl.command.1.tlog
c:\users\kamadol\desktop\nowy folder\programowanie\c++\projekty w visualu\fox-engine\graphics\x64\release\graphics.tlog\cl.read.1.tlog
c:\users\kamadol\desktop\nowy folder\programowanie\c++\projekty w visualu\fox-engine\graphics\x64\release\graphics.tlog\cl.write.1.tlog
c:\users\kamadol\desktop\nowy folder\programowanie\c++\projekty w visualu\fox-engine\graphics\x64\release\graphics.tlog\lib-link.read.1.tlog
c:\users\kamadol\desktop\nowy folder\programowanie\c++\projekty w visualu\fox-engine\graphics\x64\release\graphics.tlog\lib-link.write.1.tlog
c:\users\kamadol\desktop\nowy folder\programowanie\c++\projekty w visualu\fox-engine\graphics\x64\release\graphics.tlog\lib.command.1.tlog
